<?xml version="1.0" encoding="UTF-8"?>
<!-- Generated by org.testng.reporters.JUnitXMLReporter -->
<testsuite hostname="HELLO" name="Test" tests="7" failures="2" timestamp="18 Jun 2019 18:18:01 GMT" time="65.043" errors="0">
  <testcase name="addUserToUserListTable" time="8.837" classname="com.absa.testcases.TC1_UserListTable">
    <failure type="java.lang.AssertionError" message="Username Check. Verify if &amp;apos;matt&amp;apos; already exists. Please use another username. expected [true] but found [false]">
      <![CDATA[java.lang.AssertionError: Username Check. Verify if 'matt' already exists. Please use another username. expected [true] but found [false]
	at com.absa.reports.Assertion.assertEquals(Assertion.java:51)
	at com.absa.testcases.TC1_UserListTable.addUserToUserListTable(TC1_UserListTable.java:60)
... Removed 27 stack frames]]>
    </failure>
  </testcase> <!-- addUserToUserListTable -->
  <testcase name="addUserToUserListTable" time="9.228" classname="com.absa.testcases.TC1_UserListTable"/>
  <testcase name="addUserToUserListTable" time="9.62" classname="com.absa.testcases.TC1_UserListTable"/>
  <testcase name="addUserToUserListTable" time="8.808" classname="com.absa.testcases.TC1_UserListTable"/>
  <testcase name="addUserToUserListTable" time="9.796" classname="com.absa.testcases.TC1_UserListTable"/>
  <testcase name="addUserToUserListTable" time="9.007" classname="com.absa.testcases.TC1_UserListTable"/>
  <testcase name="addUserToUserListTable" time="9.004" classname="com.absa.testcases.TC1_UserListTable">
    <failure type="java.lang.AssertionError" message="Username Check. Verify if &amp;apos;matt&amp;apos; already exists. Please use another username. expected [true] but found [false]">
      <![CDATA[java.lang.AssertionError: Username Check. Verify if 'matt' already exists. Please use another username. expected [true] but found [false]
	at com.absa.reports.Assertion.assertEquals(Assertion.java:51)
	at com.absa.testcases.TC1_UserListTable.addUserToUserListTable(TC1_UserListTable.java:60)
... Removed 27 stack frames]]>
    </failure>
  </testcase> <!-- addUserToUserListTable -->
</testsuite> <!-- Test -->
