<?xml version="1.0" encoding="UTF-8"?>
<testng-results skipped="0" failed="2" total="7" passed="5">
  <reporter-output>
  </reporter-output>
  <suite name="Suite" duration-ms="65043" started-at="2019-06-18T18:16:56Z" finished-at="2019-06-18T18:18:01Z">
    <groups>
    </groups>
    <test name="Test" duration-ms="65043" started-at="2019-06-18T18:16:56Z" finished-at="2019-06-18T18:18:01Z">
      <class name="com.absa.testcases.TC1_UserListTable">
        <test-method status="FAIL" signature="addUserToUserListTable(java.util.Map, java.lang.reflect.Method)[pri:0, instance:com.absa.testcases.TC1_UserListTable@3498ed]" name="addUserToUserListTable" duration-ms="8837" started-at="2019-06-18T20:16:57Z" data-provider="GET_USER_DETAILS" finished-at="2019-06-18T20:17:05Z">
          <params>
            <param index="0">
              <value>
                <![CDATA[{Role=Sales Team, UserName=matt, Email=myemail2@test.com, Customer=Company AAA, FirstName=Rose, CellPhone=681201317, LastName=Watson, Password=net@test}]]>
              </value>
            </param>
            <param index="1">
              <value>
                <![CDATA[public void com.absa.testcases.TC1_UserListTable.addUserToUserListTable(java.util.Map,java.lang.reflect.Method)]]>
              </value>
            </param>
          </params>
          <exception class="java.lang.AssertionError">
            <message>
              <![CDATA[Username Check. Verify if 'matt' already exists. Please use another username. expected [true] but found [false]]]>
            </message>
            <full-stacktrace>
              <![CDATA[java.lang.AssertionError: Username Check. Verify if 'matt' already exists. Please use another username. expected [true] but found [false]
	at org.testng.Assert.fail(Assert.java:94)
	at org.testng.Assert.failNotEquals(Assert.java:496)
	at org.testng.Assert.assertTrue(Assert.java:42)
	at com.absa.reports.Assertion.assertEquals(Assertion.java:51)
	at com.absa.testcases.TC1_UserListTable.addUserToUserListTable(TC1_UserListTable.java:60)
	at sun.reflect.NativeMethodAccessorImpl.invoke0(Native Method)
	at sun.reflect.NativeMethodAccessorImpl.invoke(Unknown Source)
	at sun.reflect.DelegatingMethodAccessorImpl.invoke(Unknown Source)
	at java.lang.reflect.Method.invoke(Unknown Source)
	at org.testng.internal.MethodInvocationHelper.invokeMethod(MethodInvocationHelper.java:85)
	at org.testng.internal.Invoker.invokeMethod(Invoker.java:639)
	at org.testng.internal.Invoker.invokeTestMethod(Invoker.java:816)
	at org.testng.internal.Invoker.invokeTestMethods(Invoker.java:1124)
	at org.testng.internal.TestMethodWorker.invokeTestMethods(TestMethodWorker.java:124)
	at org.testng.internal.TestMethodWorker.run(TestMethodWorker.java:108)
	at org.testng.TestRunner.privateRun(TestRunner.java:774)
	at org.testng.TestRunner.run(TestRunner.java:624)
	at org.testng.SuiteRunner.runTest(SuiteRunner.java:359)
	at org.testng.SuiteRunner.runSequentially(SuiteRunner.java:354)
	at org.testng.SuiteRunner.privateRun(SuiteRunner.java:312)
	at org.testng.SuiteRunner.run(SuiteRunner.java:261)
	at org.testng.SuiteRunnerWorker.runSuite(SuiteRunnerWorker.java:52)
	at org.testng.SuiteRunnerWorker.run(SuiteRunnerWorker.java:86)
	at org.testng.TestNG.runSuitesSequentially(TestNG.java:1191)
	at org.testng.TestNG.runSuitesLocally(TestNG.java:1116)
	at org.testng.TestNG.run(TestNG.java:1024)
	at org.testng.remote.RemoteTestNG.run(RemoteTestNG.java:112)
	at org.testng.remote.RemoteTestNG.initAndRun(RemoteTestNG.java:205)
	at org.testng.remote.RemoteTestNG.main(RemoteTestNG.java:176)
]]>
            </full-stacktrace>
          </exception> <!-- java.lang.AssertionError -->
          <reporter-output>
          </reporter-output>
        </test-method> <!-- addUserToUserListTable -->
        <test-method status="PASS" signature="getResult(org.testng.ITestResult)[pri:0, instance:com.absa.testcases.TC1_UserListTable@3498ed]" name="getResult" is-config="true" duration-ms="1" started-at="2019-06-18T20:17:05Z" finished-at="2019-06-18T20:17:05Z">
          <params>
            <param index="0">
              <value>
                <![CDATA[[TestResult name=addUserToUserListTable status=FAILURE method=TC1_UserListTable.addUserToUserListTable(java.util.Map, java.lang.reflect.Method)[pri:0, instance:com.absa.testcases.TC1_UserListTable@3498ed] output={null}]]]>
              </value>
            </param>
          </params>
          <reporter-output>
          </reporter-output>
        </test-method> <!-- getResult -->
        <test-method status="PASS" signature="addUserToUserListTable(java.util.Map, java.lang.reflect.Method)[pri:0, instance:com.absa.testcases.TC1_UserListTable@3498ed]" name="addUserToUserListTable" duration-ms="9228" started-at="2019-06-18T20:17:05Z" data-provider="GET_USER_DETAILS" finished-at="2019-06-18T20:17:15Z">
          <params>
            <param index="0">
              <value>
                <![CDATA[{Role=Sales Team, UserName=aparker, Email=myemail1@test.com, Customer=Company AAA, FirstName=Ashley, CellPhone=681201316, LastName=Parker, Password=a@490}]]>
              </value>
            </param>
            <param index="1">
              <value>
                <![CDATA[public void com.absa.testcases.TC1_UserListTable.addUserToUserListTable(java.util.Map,java.lang.reflect.Method)]]>
              </value>
            </param>
          </params>
          <reporter-output>
          </reporter-output>
        </test-method> <!-- addUserToUserListTable -->
        <test-method status="PASS" signature="getResult(org.testng.ITestResult)[pri:0, instance:com.absa.testcases.TC1_UserListTable@3498ed]" name="getResult" is-config="true" duration-ms="1" started-at="2019-06-18T20:17:15Z" finished-at="2019-06-18T20:17:15Z">
          <params>
            <param index="0">
              <value>
                <![CDATA[[TestResult name=addUserToUserListTable status=SUCCESS method=TC1_UserListTable.addUserToUserListTable(java.util.Map, java.lang.reflect.Method)[pri:0, instance:com.absa.testcases.TC1_UserListTable@3498ed] output={null}]]]>
              </value>
            </param>
          </params>
          <reporter-output>
          </reporter-output>
        </test-method> <!-- getResult -->
        <test-method status="PASS" signature="addUserToUserListTable(java.util.Map, java.lang.reflect.Method)[pri:0, instance:com.absa.testcases.TC1_UserListTable@3498ed]" name="addUserToUserListTable" duration-ms="9620" started-at="2019-06-18T20:17:15Z" data-provider="GET_USER_DETAILS" finished-at="2019-06-18T20:17:24Z">
          <params>
            <param index="0">
              <value>
                <![CDATA[{Role=Customer, UserName=jmosby, Email=myemail3@test.com, Customer=Company AAA, FirstName=Jack, CellPhone=681201318, LastName=Mosby, Password=0809e@test}]]>
              </value>
            </param>
            <param index="1">
              <value>
                <![CDATA[public void com.absa.testcases.TC1_UserListTable.addUserToUserListTable(java.util.Map,java.lang.reflect.Method)]]>
              </value>
            </param>
          </params>
          <reporter-output>
          </reporter-output>
        </test-method> <!-- addUserToUserListTable -->
        <test-method status="PASS" signature="getResult(org.testng.ITestResult)[pri:0, instance:com.absa.testcases.TC1_UserListTable@3498ed]" name="getResult" is-config="true" duration-ms="1" started-at="2019-06-18T20:17:24Z" finished-at="2019-06-18T20:17:24Z">
          <params>
            <param index="0">
              <value>
                <![CDATA[[TestResult name=addUserToUserListTable status=SUCCESS method=TC1_UserListTable.addUserToUserListTable(java.util.Map, java.lang.reflect.Method)[pri:0, instance:com.absa.testcases.TC1_UserListTable@3498ed] output={null}]]]>
              </value>
            </param>
          </params>
          <reporter-output>
          </reporter-output>
        </test-method> <!-- getResult -->
        <test-method status="PASS" signature="addUserToUserListTable(java.util.Map, java.lang.reflect.Method)[pri:0, instance:com.absa.testcases.TC1_UserListTable@3498ed]" name="addUserToUserListTable" duration-ms="8808" started-at="2019-06-18T20:17:24Z" data-provider="GET_USER_DETAILS" finished-at="2019-06-18T20:17:33Z">
          <params>
            <param index="0">
              <value>
                <![CDATA[{Role=Customer, UserName=jwong, Email=myemail3@test.com, Customer=Company BBB, FirstName=Jamy, CellPhone=681201319, LastName=Wong, Password=Test@2020}]]>
              </value>
            </param>
            <param index="1">
              <value>
                <![CDATA[public void com.absa.testcases.TC1_UserListTable.addUserToUserListTable(java.util.Map,java.lang.reflect.Method)]]>
              </value>
            </param>
          </params>
          <reporter-output>
          </reporter-output>
        </test-method> <!-- addUserToUserListTable -->
        <test-method status="PASS" signature="addUserToUserListTable(java.util.Map, java.lang.reflect.Method)[pri:0, instance:com.absa.testcases.TC1_UserListTable@3498ed]" name="addUserToUserListTable" duration-ms="9796" started-at="2019-06-18T20:17:33Z" data-provider="GET_USER_DETAILS" finished-at="2019-06-18T20:17:43Z">
          <params>
            <param index="0">
              <value>
                <![CDATA[{Role=Admin, UserName=eclarck, Email=myemail4@test.com, Customer=Company BBB, FirstName=Emilia, CellPhone=681201320, LastName=Clarck, Password=ComTest}]]>
              </value>
            </param>
            <param index="1">
              <value>
                <![CDATA[public void com.absa.testcases.TC1_UserListTable.addUserToUserListTable(java.util.Map,java.lang.reflect.Method)]]>
              </value>
            </param>
          </params>
          <reporter-output>
          </reporter-output>
        </test-method> <!-- addUserToUserListTable -->
        <test-method status="PASS" signature="getResult(org.testng.ITestResult)[pri:0, instance:com.absa.testcases.TC1_UserListTable@3498ed]" name="getResult" is-config="true" duration-ms="0" started-at="2019-06-18T20:17:33Z" finished-at="2019-06-18T20:17:33Z">
          <params>
            <param index="0">
              <value>
                <![CDATA[[TestResult name=addUserToUserListTable status=SUCCESS method=TC1_UserListTable.addUserToUserListTable(java.util.Map, java.lang.reflect.Method)[pri:0, instance:com.absa.testcases.TC1_UserListTable@3498ed] output={null}]]]>
              </value>
            </param>
          </params>
          <reporter-output>
          </reporter-output>
        </test-method> <!-- getResult -->
        <test-method status="PASS" signature="getResult(org.testng.ITestResult)[pri:0, instance:com.absa.testcases.TC1_UserListTable@3498ed]" name="getResult" is-config="true" duration-ms="0" started-at="2019-06-18T20:17:43Z" finished-at="2019-06-18T20:17:43Z">
          <params>
            <param index="0">
              <value>
                <![CDATA[[TestResult name=addUserToUserListTable status=SUCCESS method=TC1_UserListTable.addUserToUserListTable(java.util.Map, java.lang.reflect.Method)[pri:0, instance:com.absa.testcases.TC1_UserListTable@3498ed] output={null}]]]>
              </value>
            </param>
          </params>
          <reporter-output>
          </reporter-output>
        </test-method> <!-- getResult -->
        <test-method status="PASS" signature="addUserToUserListTable(java.util.Map, java.lang.reflect.Method)[pri:0, instance:com.absa.testcases.TC1_UserListTable@3498ed]" name="addUserToUserListTable" duration-ms="9007" started-at="2019-06-18T20:17:43Z" data-provider="GET_USER_DETAILS" finished-at="2019-06-18T20:17:52Z">
          <params>
            <param index="0">
              <value>
                <![CDATA[{Role=Admin, UserName=cnolan, Email=myemail5@test.com, Customer=Company BBB, FirstName=Christopher, CellPhone=681201321, LastName=Nolan, Password=TestingPwd}]]>
              </value>
            </param>
            <param index="1">
              <value>
                <![CDATA[public void com.absa.testcases.TC1_UserListTable.addUserToUserListTable(java.util.Map,java.lang.reflect.Method)]]>
              </value>
            </param>
          </params>
          <reporter-output>
          </reporter-output>
        </test-method> <!-- addUserToUserListTable -->
        <test-method status="PASS" signature="getResult(org.testng.ITestResult)[pri:0, instance:com.absa.testcases.TC1_UserListTable@3498ed]" name="getResult" is-config="true" duration-ms="0" started-at="2019-06-18T20:17:52Z" finished-at="2019-06-18T20:17:52Z">
          <params>
            <param index="0">
              <value>
                <![CDATA[[TestResult name=addUserToUserListTable status=SUCCESS method=TC1_UserListTable.addUserToUserListTable(java.util.Map, java.lang.reflect.Method)[pri:0, instance:com.absa.testcases.TC1_UserListTable@3498ed] output={null}]]]>
              </value>
            </param>
          </params>
          <reporter-output>
          </reporter-output>
        </test-method> <!-- getResult -->
        <test-method status="FAIL" signature="addUserToUserListTable(java.util.Map, java.lang.reflect.Method)[pri:0, instance:com.absa.testcases.TC1_UserListTable@3498ed]" name="addUserToUserListTable" duration-ms="9004" started-at="2019-06-18T20:17:52Z" data-provider="GET_USER_DETAILS" finished-at="2019-06-18T20:18:01Z">
          <params>
            <param index="0">
              <value>
                <![CDATA[{Role=Sales Team, UserName=matt, Email=myemail6@test.com, Customer=Company BBB, FirstName=Emy, CellPhone=681201322, LastName=Jackson, Password=MyWork123}]]>
              </value>
            </param>
            <param index="1">
              <value>
                <![CDATA[public void com.absa.testcases.TC1_UserListTable.addUserToUserListTable(java.util.Map,java.lang.reflect.Method)]]>
              </value>
            </param>
          </params>
          <exception class="java.lang.AssertionError">
            <message>
              <![CDATA[Username Check. Verify if 'matt' already exists. Please use another username. expected [true] but found [false]]]>
            </message>
            <full-stacktrace>
              <![CDATA[java.lang.AssertionError: Username Check. Verify if 'matt' already exists. Please use another username. expected [true] but found [false]
	at org.testng.Assert.fail(Assert.java:94)
	at org.testng.Assert.failNotEquals(Assert.java:496)
	at org.testng.Assert.assertTrue(Assert.java:42)
	at com.absa.reports.Assertion.assertEquals(Assertion.java:51)
	at com.absa.testcases.TC1_UserListTable.addUserToUserListTable(TC1_UserListTable.java:60)
	at sun.reflect.NativeMethodAccessorImpl.invoke0(Native Method)
	at sun.reflect.NativeMethodAccessorImpl.invoke(Unknown Source)
	at sun.reflect.DelegatingMethodAccessorImpl.invoke(Unknown Source)
	at java.lang.reflect.Method.invoke(Unknown Source)
	at org.testng.internal.MethodInvocationHelper.invokeMethod(MethodInvocationHelper.java:85)
	at org.testng.internal.Invoker.invokeMethod(Invoker.java:639)
	at org.testng.internal.Invoker.invokeTestMethod(Invoker.java:816)
	at org.testng.internal.Invoker.invokeTestMethods(Invoker.java:1124)
	at org.testng.internal.TestMethodWorker.invokeTestMethods(TestMethodWorker.java:124)
	at org.testng.internal.TestMethodWorker.run(TestMethodWorker.java:108)
	at org.testng.TestRunner.privateRun(TestRunner.java:774)
	at org.testng.TestRunner.run(TestRunner.java:624)
	at org.testng.SuiteRunner.runTest(SuiteRunner.java:359)
	at org.testng.SuiteRunner.runSequentially(SuiteRunner.java:354)
	at org.testng.SuiteRunner.privateRun(SuiteRunner.java:312)
	at org.testng.SuiteRunner.run(SuiteRunner.java:261)
	at org.testng.SuiteRunnerWorker.runSuite(SuiteRunnerWorker.java:52)
	at org.testng.SuiteRunnerWorker.run(SuiteRunnerWorker.java:86)
	at org.testng.TestNG.runSuitesSequentially(TestNG.java:1191)
	at org.testng.TestNG.runSuitesLocally(TestNG.java:1116)
	at org.testng.TestNG.run(TestNG.java:1024)
	at org.testng.remote.RemoteTestNG.run(RemoteTestNG.java:112)
	at org.testng.remote.RemoteTestNG.initAndRun(RemoteTestNG.java:205)
	at org.testng.remote.RemoteTestNG.main(RemoteTestNG.java:176)
]]>
            </full-stacktrace>
          </exception> <!-- java.lang.AssertionError -->
          <reporter-output>
          </reporter-output>
        </test-method> <!-- addUserToUserListTable -->
        <test-method status="PASS" signature="getResult(org.testng.ITestResult)[pri:0, instance:com.absa.testcases.TC1_UserListTable@3498ed]" name="getResult" is-config="true" duration-ms="0" started-at="2019-06-18T20:18:01Z" finished-at="2019-06-18T20:18:01Z">
          <params>
            <param index="0">
              <value>
                <![CDATA[[TestResult name=addUserToUserListTable status=FAILURE method=TC1_UserListTable.addUserToUserListTable(java.util.Map, java.lang.reflect.Method)[pri:0, instance:com.absa.testcases.TC1_UserListTable@3498ed] output={null}]]]>
              </value>
            </param>
          </params>
          <reporter-output>
          </reporter-output>
        </test-method> <!-- getResult -->
        <test-method status="PASS" signature="endReport()[pri:0, instance:com.absa.testcases.TC1_UserListTable@3498ed]" name="endReport" is-config="true" duration-ms="1" started-at="2019-06-18T20:18:01Z" finished-at="2019-06-18T20:18:01Z">
          <reporter-output>
          </reporter-output>
        </test-method> <!-- endReport -->
      </class> <!-- com.absa.testcases.TC1_UserListTable -->
    </test> <!-- Test -->
  </suite> <!-- Suite -->
</testng-results>
